Using pre-set license
Built from '2021.3/release' branch; Version is '2021.3.17f1 (3e8111cac19d) revision 4096273'; Using compiler version '192829333'; Build Type 'Release'
OS: 'Windows 11  (10.0.22000) 64bit Core' Language: 'en' Physical Memory: 16085 MB
BatchMode: 1, IsHumanControllingUs: 0, StartBugReporterOnCrash: 0, Is64bit: 1, IsPro: 1

COMMAND LINE ARGUMENTS:
C:\Program Files\Unity\Hub\Editor\2021.3.17f1\Editor\Unity.exe
-adb2
-batchMode
-noUpm
-name
AssetImportWorker1
-projectPath
C:/Users/flore/Documents/GitHub/ZombieRush/Zumbie Rush
-logFile
Logs/AssetImportWorker1.log
-srvPort
59995
Successfully changed project path to: C:/Users/flore/Documents/GitHub/ZombieRush/Zumbie Rush
C:/Users/flore/Documents/GitHub/ZombieRush/Zumbie Rush
[UnityMemory] Configuration Parameters - Can be set up in boot.config
    "memorysetup-bucket-allocator-granularity=16"
    "memorysetup-bucket-allocator-bucket-count=8"
    "memorysetup-bucket-allocator-block-size=33554432"
    "memorysetup-bucket-allocator-block-count=8"
    "memorysetup-main-allocator-block-size=16777216"
    "memorysetup-thread-allocator-block-size=16777216"
    "memorysetup-gfx-main-allocator-block-size=16777216"
    "memorysetup-gfx-thread-allocator-block-size=16777216"
    "memorysetup-cache-allocator-block-size=4194304"
    "memorysetup-typetree-allocator-block-size=2097152"
    "memorysetup-profiler-bucket-allocator-granularity=16"
    "memorysetup-profiler-bucket-allocator-bucket-count=8"
    "memorysetup-profiler-bucket-allocator-block-size=33554432"
    "memorysetup-profiler-bucket-allocator-block-count=8"
    "memorysetup-profiler-allocator-block-size=16777216"
    "memorysetup-profiler-editor-allocator-block-size=1048576"
    "memorysetup-temp-allocator-size-main=16777216"
    "memorysetup-job-temp-allocator-block-size=2097152"
    "memorysetup-job-temp-allocator-block-size-background=1048576"
    "memorysetup-job-temp-allocator-reduction-small-platforms=262144"
    "memorysetup-temp-allocator-size-background-worker=32768"
    "memorysetup-temp-allocator-size-job-worker=262144"
    "memorysetup-temp-allocator-size-preload-manager=33554432"
    "memorysetup-temp-allocator-size-nav-mesh-worker=65536"
    "memorysetup-temp-allocator-size-audio-worker=65536"
    "memorysetup-temp-allocator-size-cloud-worker=32768"
    "memorysetup-temp-allocator-size-gi-baking-worker=262144"
    "memorysetup-temp-allocator-size-gfx=262144"
Player connection [680] Host "[IP] 0.0.0.0 [Port] 0 [Flags] 2 [Guid] 1033638322 [EditorId] 1033638322 [Version] 1048832 [Id] WindowsEditor(7,MSI) [Debug] 1 [PackageName] WindowsEditor [ProjectName] Editor" joined multi-casting on [225.0.0.222:54997]...

Player connection [680] Host "[IP] 0.0.0.0 [Port] 0 [Flags] 2 [Guid] 1033638322 [EditorId] 1033638322 [Version] 1048832 [Id] WindowsEditor(7,MSI) [Debug] 1 [PackageName] WindowsEditor [ProjectName] Editor" joined alternative multi-casting on [225.0.0.222:34997]...

Refreshing native plugins compatible for Editor in 54.97 ms, found 3 plugins.
Preloading 0 native plugins for Editor in 0.00 ms.
Initialize engine version: 2021.3.17f1 (3e8111cac19d)
[Subsystems] Discovering subsystems at path C:/Program Files/Unity/Hub/Editor/2021.3.17f1/Editor/Data/Resources/UnitySubsystems
[Subsystems] Discovering subsystems at path C:/Users/flore/Documents/GitHub/ZombieRush/Zumbie Rush/Assets
GfxDevice: creating device client; threaded=0; jobified=0
Direct3D:
    Version:  Direct3D 11.0 [level 11.1]
    Renderer: NVIDIA GeForce RTX 3060 Laptop GPU (ID=0x2520)
    Vendor:   NVIDIA
    VRAM:     6009 MB
    Driver:   31.0.15.2737
Initialize mono
Mono path[0] = 'C:/Program Files/Unity/Hub/Editor/2021.3.17f1/Editor/Data/Managed'
Mono path[1] = 'C:/Program Files/Unity/Hub/Editor/2021.3.17f1/Editor/Data/MonoBleedingEdge/lib/mono/unityjit-win32'
Mono config path = 'C:/Program Files/Unity/Hub/Editor/2021.3.17f1/Editor/Data/MonoBleedingEdge/etc'
Using monoOptions --debugger-agent=transport=dt_socket,embedding=1,server=y,suspend=n,address=127.0.0.1:56072
Begin MonoManager ReloadAssembly
Registering precompiled unity dll's ...
Register platform support module: C:/Program Files/Unity/Hub/Editor/2021.3.17f1/Editor/Data/PlaybackEngines/AndroidPlayer/UnityEditor.Android.Extensions.dll
Register platform support module: C:/Program Files/Unity/Hub/Editor/2021.3.17f1/Editor/Data/PlaybackEngines/WindowsStandaloneSupport/UnityEditor.WindowsStandalone.Extensions.dll
Register platform support module: C:/Program Files/Unity/Hub/Editor/2021.3.17f1/Editor/Data/PlaybackEngines/MetroSupport/UnityEditor.UWP.Extensions.dll
Registered in 0.004222 seconds.
Native extension for UWP target not found
Native extension for WindowsStandalone target not found
Native extension for Android target not found
Android Extension - Scanning For ADB Devices 334 ms
Refreshing native plugins compatible for Editor in 58.55 ms, found 3 plugins.
Preloading 0 native plugins for Editor in 0.00 ms.
Mono: successfully reloaded assembly
- Completed reload, in  0.838 seconds
Domain Reload Profiling:
	ReloadAssembly (838ms)
		BeginReloadAssembly (62ms)
			ExecutionOrderSort (0ms)
			DisableScriptedObjects (0ms)
			BackupInstance (0ms)
			ReleaseScriptingObjects (0ms)
			CreateAndSetChildDomain (1ms)
		EndReloadAssembly (656ms)
			LoadAssemblies (61ms)
			RebuildTransferFunctionScriptingTraits (0ms)
			SetupTypeCache (68ms)
			ReleaseScriptCaches (0ms)
			RebuildScriptCaches (21ms)
			SetupLoadedEditorAssemblies (529ms)
				LogAssemblyErrors (0ms)
				InitializePlatformSupportModulesInManaged (383ms)
				SetLoadedEditorAssemblies (0ms)
				RefreshPlugins (59ms)
				BeforeProcessingInitializeOnLoad (1ms)
				ProcessInitializeOnLoadAttributes (59ms)
				ProcessInitializeOnLoadMethodAttributes (27ms)
				AfterProcessingInitializeOnLoad (0ms)
				EditorAssembliesLoaded (0ms)
			ExecutionOrderSort2 (0ms)
			AwakeInstancesAfterBackupRestoration (0ms)
Platform modules already initialized, skipping
Registering precompiled user dll's ...
Registered in 0.006320 seconds.
Begin MonoManager ReloadAssembly
Symbol file LoadedFromMemory doesn't match image C:\Users\flore\Documents\GitHub\ZombieRush\Zumbie Rush\Library\PackageCache\com.unity.visualscripting@1.8.0\Editor\VisualScripting.Core\Dependencies\YamlDotNet\Unity.VisualScripting.YamlDotNet.dll
Symbol file LoadedFromMemory doesn't match image C:\Users\flore\Documents\GitHub\ZombieRush\Zumbie Rush\Library\PackageCache\com.unity.visualscripting@1.8.0\Editor\VisualScripting.Core\Dependencies\DotNetZip\Unity.VisualScripting.IonicZip.dll
Native extension for UWP target not found
Native extension for WindowsStandalone target not found
Native extension for Android target not found
Refreshing native plugins compatible for Editor in 0.57 ms, found 3 plugins.
Preloading 0 native plugins for Editor in 0.00 ms.
Mono: successfully reloaded assembly
- Completed reload, in  0.724 seconds
Domain Reload Profiling:
	ReloadAssembly (724ms)
		BeginReloadAssembly (87ms)
			ExecutionOrderSort (0ms)
			DisableScriptedObjects (3ms)
			BackupInstance (0ms)
			ReleaseScriptingObjects (0ms)
			CreateAndSetChildDomain (17ms)
		EndReloadAssembly (557ms)
			LoadAssemblies (68ms)
			RebuildTransferFunctionScriptingTraits (0ms)
			SetupTypeCache (185ms)
			ReleaseScriptCaches (0ms)
			RebuildScriptCaches (33ms)
			SetupLoadedEditorAssemblies (254ms)
				LogAssemblyErrors (0ms)
				InitializePlatformSupportModulesInManaged (13ms)
				SetLoadedEditorAssemblies (0ms)
				RefreshPlugins (1ms)
				BeforeProcessingInitializeOnLoad (57ms)
				ProcessInitializeOnLoadAttributes (160ms)
				ProcessInitializeOnLoadMethodAttributes (18ms)
				AfterProcessingInitializeOnLoad (4ms)
				EditorAssembliesLoaded (0ms)
			ExecutionOrderSort2 (0ms)
			AwakeInstancesAfterBackupRestoration (4ms)
Platform modules already initialized, skipping
========================================================================
Worker process is ready to serve import requests
Launched and connected shader compiler UnityShaderCompiler.exe after 0.05 seconds
Refreshing native plugins compatible for Editor in 0.42 ms, found 3 plugins.
Preloading 0 native plugins for Editor in 0.00 ms.
Unloading 3380 Unused Serialized files (Serialized files now loaded: 0)
Unloading 27 unused Assets / (113.4 KB). Loaded Objects now: 3842.
Memory consumption went from 116.9 MB to 116.8 MB.
Total: 2.280600 ms (FindLiveObjects: 0.191600 ms CreateObjectMapping: 0.092300 ms MarkObjects: 1.921900 ms  DeleteObjects: 0.074300 ms)

AssetImportParameters requested are different than current active one (requested -> active):
  custom:video-decoder-ogg-theora: a1e56fd34408186e4bbccfd4996cb3dc -> 
  custom:container-muxer-webm: aa71ff27fc2769a1b78a27578f13a17b -> 
  custom:container-demuxer-webm: 4f35f7cbe854078d1ac9338744f61a02 -> 
  custom:video-encoder-webm-vp8: eb34c28f22e8b96e1ab97ce403110664 -> 
  custom:audio-encoder-webm-vorbis: bf7c407c2cedff20999df2af8eb42d56 -> 
  custom:framework-win-MediaFoundation: 216162199b28c13a410421893ffa2e32 -> 
  custom:container-demuxer-ogg: 62fdf1f143b41e24485cea50d1cbac27 -> 
  custom:video-decoder-webm-vp8: 9c59270c3fd7afecdb556c50c9e8de78 -> 
  custom:audio-decoder-ogg-vorbis: bf7c407c2cedff20999df2af8eb42d56 -> 
========================================================================
Received Import Request.
  Time since last request: 503815.612078 seconds.
  path: Assets/Fantasy Demon Caves/FantasyCaveDemon_All model.FBX
  artifactKey: Guid(cd5bdf3c4cf5d6c48a3fad3142a04345) Importer(815301076,1909f56bfc062723c751e8b465ee728b)
Start importing Assets/Fantasy Demon Caves/FantasyCaveDemon_All model.FBX using Guid(cd5bdf3c4cf5d6c48a3fad3142a04345) Importer(815301076,1909f56bfc062723c751e8b465ee728b)  -> (artifact id: 'a0ba690f04b9f912af5700485dd2038d') in 1.296120 seconds 
========================================================================
Received Import Request.
  Time since last request: 0.008610 seconds.
  path: Assets/Fantasy Demon Caves/FBX
  artifactKey: Guid(765f16c61369bbe49b4dca74d6f4ded0) Importer(815301076,1909f56bfc062723c751e8b465ee728b)
Start importing Assets/Fantasy Demon Caves/FBX using Guid(765f16c61369bbe49b4dca74d6f4ded0) Importer(815301076,1909f56bfc062723c751e8b465ee728b)  -> (artifact id: 'ebe05fc7395219c5cba23692ddd44980') in 0.004254 seconds 
========================================================================
Received Import Request.
  Time since last request: 0.000023 seconds.
  path: Assets/Fantasy Demon Caves/FBX/Bone_05.fbx
  artifactKey: Guid(691e75e8145974d4ab4db93775c9c51c) Importer(815301076,1909f56bfc062723c751e8b465ee728b)
Start importing Assets/Fantasy Demon Caves/FBX/Bone_05.fbx using Guid(691e75e8145974d4ab4db93775c9c51c) Importer(815301076,1909f56bfc062723c751e8b465ee728b)  -> (artifact id: 'daef717a7a5ca66e646ca00be308b22d') in 0.038682 seconds 
========================================================================
Received Import Request.
  Time since last request: 0.000015 seconds.
  path: Assets/Fantasy Demon Caves/FBX/Bone_08.fbx
  artifactKey: Guid(2a63e040864eb7a4cb0ac8157af8d279) Importer(815301076,1909f56bfc062723c751e8b465ee728b)
Start importing Assets/Fantasy Demon Caves/FBX/Bone_08.fbx using Guid(2a63e040864eb7a4cb0ac8157af8d279) Importer(815301076,1909f56bfc062723c751e8b465ee728b)  -> (artifact id: 'd0a7fad3dccd408ccc713a9d5ef50a42') in 0.034849 seconds 
========================================================================
Received Import Request.
  Time since last request: 0.000015 seconds.
  path: Assets/Fantasy Demon Caves/FBX/Bone_11.fbx
  artifactKey: Guid(28b072a122a02f148aed51dc31b88cd3) Importer(815301076,1909f56bfc062723c751e8b465ee728b)
Start importing Assets/Fantasy Demon Caves/FBX/Bone_11.fbx using Guid(28b072a122a02f148aed51dc31b88cd3) Importer(815301076,1909f56bfc062723c751e8b465ee728b)  -> (artifact id: '4d841698c03193f4be0e5e940aa3d642') in 0.034020 seconds 
========================================================================
Received Import Request.
  Time since last request: 0.000015 seconds.
  path: Assets/Fantasy Demon Caves/FBX/bush_02.fbx
  artifactKey: Guid(10b11430780a2f044abf84e6953cd13d) Importer(815301076,1909f56bfc062723c751e8b465ee728b)
Start importing Assets/Fantasy Demon Caves/FBX/bush_02.fbx using Guid(10b11430780a2f044abf84e6953cd13d) Importer(815301076,1909f56bfc062723c751e8b465ee728b)  -> (artifact id: 'dbf068cafddae5cbf02253fe87bd4b40') in 0.034113 seconds 
========================================================================
Received Import Request.
  Time since last request: 0.000014 seconds.
  path: Assets/Fantasy Demon Caves/FBX/Bone_06.fbx
  artifactKey: Guid(13dfd7ebe02cb534a8b2c193205f3a0b) Importer(815301076,1909f56bfc062723c751e8b465ee728b)
Start importing Assets/Fantasy Demon Caves/FBX/Bone_06.fbx using Guid(13dfd7ebe02cb534a8b2c193205f3a0b) Importer(815301076,1909f56bfc062723c751e8b465ee728b)  -> (artifact id: 'eed8e2df695541f037f4976d8370d094') in 0.035258 seconds 
========================================================================
Received Import Request.
  Time since last request: 0.000018 seconds.
  path: Assets/Fantasy Demon Caves/FBX/center_02_floor.fbx
  artifactKey: Guid(e9384a181240a744dae1852d652429c5) Importer(815301076,1909f56bfc062723c751e8b465ee728b)
Start importing Assets/Fantasy Demon Caves/FBX/center_02_floor.fbx using Guid(e9384a181240a744dae1852d652429c5) Importer(815301076,1909f56bfc062723c751e8b465ee728b)  -> (artifact id: '8283c9f327fba6627353a466aa666027') in 0.036767 seconds 
========================================================================
Received Import Request.
  Time since last request: 0.000025 seconds.
  path: Assets/Fantasy Demon Caves/FBX/Bone_13.fbx
  artifactKey: Guid(b753b05fe7071e548bfddec2b63fd454) Importer(815301076,1909f56bfc062723c751e8b465ee728b)
Start importing Assets/Fantasy Demon Caves/FBX/Bone_13.fbx using Guid(b753b05fe7071e548bfddec2b63fd454) Importer(815301076,1909f56bfc062723c751e8b465ee728b)  -> (artifact id: '41b219443b83075d92c617bea233ac05') in 0.035469 seconds 
========================================================================
Received Import Request.
  Time since last request: 0.000099 seconds.
  path: Assets/Fantasy Demon Caves/FBX/Bone_01.fbx
  artifactKey: Guid(157b0ee0bb618eb4e9d98b82056c4408) Importer(815301076,1909f56bfc062723c751e8b465ee728b)
Start importing Assets/Fantasy Demon Caves/FBX/Bone_01.fbx using Guid(157b0ee0bb618eb4e9d98b82056c4408) Importer(815301076,1909f56bfc062723c751e8b465ee728b)  -> (artifact id: 'b8a390262f0bf666a167868c7354ad5f') in 0.036121 seconds 
========================================================================
Received Import Request.
  Time since last request: 0.000017 seconds.
  path: Assets/Fantasy Demon Caves/FBX/bush_03.fbx
  artifactKey: Guid(5fbb00df26b51f843b1ac29b26d49a91) Importer(815301076,1909f56bfc062723c751e8b465ee728b)
Start importing Assets/Fantasy Demon Caves/FBX/bush_03.fbx using Guid(5fbb00df26b51f843b1ac29b26d49a91) Importer(815301076,1909f56bfc062723c751e8b465ee728b)  -> (artifact id: '5a9390a6917afbe2d1352b1118e9376f') in 0.037122 seconds 
========================================================================
Received Import Request.
  Time since last request: 0.000017 seconds.
  path: Assets/Fantasy Demon Caves/FBX/bush_08.fbx
  artifactKey: Guid(71956e37aed81ec4289809d14ecc5e37) Importer(815301076,1909f56bfc062723c751e8b465ee728b)
Start importing Assets/Fantasy Demon Caves/FBX/bush_08.fbx using Guid(71956e37aed81ec4289809d14ecc5e37) Importer(815301076,1909f56bfc062723c751e8b465ee728b)  -> (artifact id: '1140d759e6e245025621d754c15195a0') in 0.039391 seconds 
========================================================================
Received Import Request.
  Time since last request: 0.000017 seconds.
  path: Assets/Fantasy Demon Caves/FBX/Bone_10.fbx
  artifactKey: Guid(d1c6116d342be33409b2ac4ed4100c83) Importer(815301076,1909f56bfc062723c751e8b465ee728b)
Start importing Assets/Fantasy Demon Caves/FBX/Bone_10.fbx using Guid(d1c6116d342be33409b2ac4ed4100c83) Importer(815301076,1909f56bfc062723c751e8b465ee728b)  -> (artifact id: '5d1423f11086b551bd015e5c1c3f35d9') in 0.035948 seconds 
========================================================================
Received Import Request.
  Time since last request: 0.000021 seconds.
  path: Assets/Fantasy Demon Caves/FBX/bush_01.fbx
  artifactKey: Guid(105e2266d3d67344f8dd26ce47f71f55) Importer(815301076,1909f56bfc062723c751e8b465ee728b)
Start importing Assets/Fantasy Demon Caves/FBX/bush_01.fbx using Guid(105e2266d3d67344f8dd26ce47f71f55) Importer(815301076,1909f56bfc062723c751e8b465ee728b)  -> (artifact id: '739d6a37eee823372961a762d9850c20') in 0.036171 seconds 
========================================================================
Received Import Request.
  Time since last request: 0.000024 seconds.
  path: Assets/Fantasy Demon Caves/FBX/bush_05.fbx
  artifactKey: Guid(acb03bb716b5d1147917288fdbf2f9b2) Importer(815301076,1909f56bfc062723c751e8b465ee728b)
Start importing Assets/Fantasy Demon Caves/FBX/bush_05.fbx using Guid(acb03bb716b5d1147917288fdbf2f9b2) Importer(815301076,1909f56bfc062723c751e8b465ee728b)  -> (artifact id: '034c6cb3de1f27a5692da7c196717c1f') in 0.041390 seconds 
========================================================================
Received Import Request.
  Time since last request: 0.000027 seconds.
  path: Assets/Fantasy Demon Caves/FBX/Bone_03.fbx
  artifactKey: Guid(48106d0582ddda84b8856f7d50e102a7) Importer(815301076,1909f56bfc062723c751e8b465ee728b)
Start importing Assets/Fantasy Demon Caves/FBX/Bone_03.fbx using Guid(48106d0582ddda84b8856f7d50e102a7) Importer(815301076,1909f56bfc062723c751e8b465ee728b)  -> (artifact id: '9ae5e9a957778f10df66f892b0393bc4') in 0.035617 seconds 
========================================================================
Received Import Request.
  Time since last request: 0.000019 seconds.
  path: Assets/Fantasy Demon Caves/FBX/chain_b.fbx
  artifactKey: Guid(3bab51ca13c52d6459d8fd616030495d) Importer(815301076,1909f56bfc062723c751e8b465ee728b)
Start importing Assets/Fantasy Demon Caves/FBX/chain_b.fbx using Guid(3bab51ca13c52d6459d8fd616030495d) Importer(815301076,1909f56bfc062723c751e8b465ee728b)  -> (artifact id: 'dc5a859938dcccfe809658bd5bc9d02b') in 0.036721 seconds 
========================================================================
Received Import Request.
  Time since last request: 0.000018 seconds.
  path: Assets/Fantasy Demon Caves/FBX/bush_06.fbx
  artifactKey: Guid(4182628653b6a594289569b741e1c505) Importer(815301076,1909f56bfc062723c751e8b465ee728b)
Start importing Assets/Fantasy Demon Caves/FBX/bush_06.fbx using Guid(4182628653b6a594289569b741e1c505) Importer(815301076,1909f56bfc062723c751e8b465ee728b)  -> (artifact id: '4b4227f1c3dd060dccf36aec56f61990') in 0.045134 seconds 
========================================================================
Received Import Request.
  Time since last request: 0.000017 seconds.
  path: Assets/Fantasy Demon Caves/FBX/Bone_12.fbx
  artifactKey: Guid(d2af78236091840479bd7f1279e6f2b4) Importer(815301076,1909f56bfc062723c751e8b465ee728b)
Start importing Assets/Fantasy Demon Caves/FBX/Bone_12.fbx using Guid(d2af78236091840479bd7f1279e6f2b4) Importer(815301076,1909f56bfc062723c751e8b465ee728b)  -> (artifact id: 'b439581d549b40c85ae130780b6408ae') in 0.037891 seconds 
========================================================================
Received Import Request.
  Time since last request: 0.000020 seconds.
  path: Assets/Fantasy Demon Caves/FBX/chain_a.fbx
  artifactKey: Guid(bd2e501b438c3c049a1bd96cca44ec01) Importer(815301076,1909f56bfc062723c751e8b465ee728b)
Start importing Assets/Fantasy Demon Caves/FBX/chain_a.fbx using Guid(bd2e501b438c3c049a1bd96cca44ec01) Importer(815301076,1909f56bfc062723c751e8b465ee728b)  -> (artifact id: '2455cc0fd4a5cfec448680a5d2fed6f8') in 0.038018 seconds 
========================================================================
Received Import Request.
  Time since last request: 0.000021 seconds.
  path: Assets/Fantasy Demon Caves/FBX/Bone_02.fbx
  artifactKey: Guid(34cb9b9e301041f48b2a0f0a6b72b8f4) Importer(815301076,1909f56bfc062723c751e8b465ee728b)
Start importing Assets/Fantasy Demon Caves/FBX/Bone_02.fbx using Guid(34cb9b9e301041f48b2a0f0a6b72b8f4) Importer(815301076,1909f56bfc062723c751e8b465ee728b)  -> (artifact id: 'd6588e8a12eeda6dbb69034cf884e761') in 0.039553 seconds 
========================================================================
Received Import Request.
  Time since last request: 0.000032 seconds.
  path: Assets/Fantasy Demon Caves/FBX/bush_04.fbx
  artifactKey: Guid(82514cea52d612b40855fee9488876cc) Importer(815301076,1909f56bfc062723c751e8b465ee728b)
Start importing Assets/Fantasy Demon Caves/FBX/bush_04.fbx using Guid(82514cea52d612b40855fee9488876cc) Importer(815301076,1909f56bfc062723c751e8b465ee728b)  -> (artifact id: '23aa3114928312915ce590c6047066f0') in 0.046648 seconds 
========================================================================
Received Import Request.
  Time since last request: 0.000018 seconds.
  path: Assets/Fantasy Demon Caves/FBX/Bone_09.fbx
  artifactKey: Guid(4fdce13fcf2945945a9f4d0eec0bfcfd) Importer(815301076,1909f56bfc062723c751e8b465ee728b)
Start importing Assets/Fantasy Demon Caves/FBX/Bone_09.fbx using Guid(4fdce13fcf2945945a9f4d0eec0bfcfd) Importer(815301076,1909f56bfc062723c751e8b465ee728b)  -> (artifact id: '284a134a55dacf88821472c5825ce3e4') in 0.041055 seconds 
========================================================================
Received Import Request.
  Time since last request: 0.000021 seconds.
  path: Assets/Fantasy Demon Caves/FBX/Bone_04.fbx
  artifactKey: Guid(27bb524a710e166448afa6a347f5ecf2) Importer(815301076,1909f56bfc062723c751e8b465ee728b)
Start importing Assets/Fantasy Demon Caves/FBX/Bone_04.fbx using Guid(27bb524a710e166448afa6a347f5ecf2) Importer(815301076,1909f56bfc062723c751e8b465ee728b)  -> (artifact id: '67455d6247079438b5e279b4ade7f851') in 0.042685 seconds 
========================================================================
Received Import Request.
  Time since last request: 0.000020 seconds.
  path: Assets/Fantasy Demon Caves/FBX/bush_10.fbx
  artifactKey: Guid(fd6e8ed88b632cf4cac03f1c7c7a9f5f) Importer(815301076,1909f56bfc062723c751e8b465ee728b)
Start importing Assets/Fantasy Demon Caves/FBX/bush_10.fbx using Guid(fd6e8ed88b632cf4cac03f1c7c7a9f5f) Importer(815301076,1909f56bfc062723c751e8b465ee728b)  -> (artifact id: '400dd0f3d50ecb622d5f905023fabf0d') in 0.046611 seconds 
========================================================================
Received Import Request.
  Time since last request: 0.000018 seconds.
  path: Assets/Fantasy Demon Caves/FBX/center_01_floor.fbx
  artifactKey: Guid(667000e8ac2bfeb4a9e658b0a079b94a) Importer(815301076,1909f56bfc062723c751e8b465ee728b)
Start importing Assets/Fantasy Demon Caves/FBX/center_01_floor.fbx using Guid(667000e8ac2bfeb4a9e658b0a079b94a) Importer(815301076,1909f56bfc062723c751e8b465ee728b)  -> (artifact id: '18d87f318fd5e82cc527ad13dfe8e9c8') in 0.042008 seconds 
========================================================================
Received Import Request.
  Time since last request: 0.000025 seconds.
  path: Assets/Fantasy Demon Caves/Demo_Scene_V2.FBX
  artifactKey: Guid(e3ce2907a09f4ec45a0e3f3bbdd770c4) Importer(815301076,1909f56bfc062723c751e8b465ee728b)
Start importing Assets/Fantasy Demon Caves/Demo_Scene_V2.FBX using Guid(e3ce2907a09f4ec45a0e3f3bbdd770c4) Importer(815301076,1909f56bfc062723c751e8b465ee728b)  -> (artifact id: 'af60f30abcb83a18e612f137acff8863') in 3.375007 seconds 
========================================================================
Received Import Request.
  Time since last request: 0.208188 seconds.
  path: Assets/Fantasy Demon Caves/FBX/grass_03.fbx
  artifactKey: Guid(2133cca8d9e76c342aec5c6c79b59d58) Importer(815301076,1909f56bfc062723c751e8b465ee728b)
Start importing Assets/Fantasy Demon Caves/FBX/grass_03.fbx using Guid(2133cca8d9e76c342aec5c6c79b59d58) Importer(815301076,1909f56bfc062723c751e8b465ee728b)  -> (artifact id: 'c6c41744642257121579a4aaeaba0dd1') in 0.122906 seconds 
========================================================================
Received Import Request.
  Time since last request: 0.000023 seconds.
  path: Assets/Fantasy Demon Caves/FBX/Lava_02_decal.fbx
  artifactKey: Guid(8bd704fb6e6a2ee44a71058f970b0804) Importer(815301076,1909f56bfc062723c751e8b465ee728b)
Start importing Assets/Fantasy Demon Caves/FBX/Lava_02_decal.fbx using Guid(8bd704fb6e6a2ee44a71058f970b0804) Importer(815301076,1909f56bfc062723c751e8b465ee728b)  -> (artifact id: '7970f1ce070eb8a7f1be47bce5becdec') in 0.082939 seconds 
========================================================================
Received Import Request.
  Time since last request: 1.064358 seconds.
  path: Assets/Fantasy Demon Caves/FBX/Lava_06_decal.fbx
  artifactKey: Guid(d0e54144793939f489a895d9ce286380) Importer(815301076,1909f56bfc062723c751e8b465ee728b)
Start importing Assets/Fantasy Demon Caves/FBX/Lava_06_decal.fbx using Guid(d0e54144793939f489a895d9ce286380) Importer(815301076,1909f56bfc062723c751e8b465ee728b)  -> (artifact id: 'b43500d6b01f5959a005cd8e44d9d975') in 0.236370 seconds 
========================================================================
Received Import Request.
  Time since last request: 1.543810 seconds.
  path: Assets/Fantasy Demon Caves/FBX/Lava_blue_06_decal.fbx
  artifactKey: Guid(ba7a46aaa8ee57f4586c1b07d9cb89d8) Importer(815301076,1909f56bfc062723c751e8b465ee728b)
Start importing Assets/Fantasy Demon Caves/FBX/Lava_blue_06_decal.fbx using Guid(ba7a46aaa8ee57f4586c1b07d9cb89d8) Importer(815301076,1909f56bfc062723c751e8b465ee728b)  -> (artifact id: 'a66d83952b060bc038b8cc728b8921cd') in 0.148794 seconds 
========================================================================
Received Import Request.
  Time since last request: 0.000022 seconds.
  path: Assets/Fantasy Demon Caves/FBX/module_corner_concave.fbx
  artifactKey: Guid(91573fb497cde5b48bd4bb351765b11b) Importer(815301076,1909f56bfc062723c751e8b465ee728b)
Start importing Assets/Fantasy Demon Caves/FBX/module_corner_concave.fbx using Guid(91573fb497cde5b48bd4bb351765b11b) Importer(815301076,1909f56bfc062723c751e8b465ee728b)  -> (artifact id: 'dff0ed0ca3abfd012c2e8bcd44eeea28') in 0.063974 seconds 
========================================================================
Received Import Request.
  Time since last request: 0.204055 seconds.
  path: Assets/Fantasy Demon Caves/FBX/module_end_a.fbx
  artifactKey: Guid(0493802272e9bac4482ca0c7edb8567f) Importer(815301076,1909f56bfc062723c751e8b465ee728b)
Start importing Assets/Fantasy Demon Caves/FBX/module_end_a.fbx using Guid(0493802272e9bac4482ca0c7edb8567f) Importer(815301076,1909f56bfc062723c751e8b465ee728b)  -> (artifact id: 'bdd83aec34ad976e7f31b8c981d8949c') in 0.245929 seconds 
========================================================================
Received Import Request.
  Time since last request: 0.625315 seconds.
  path: Assets/Fantasy Demon Caves/FBX/module_tile_02_bd.fbx
  artifactKey: Guid(6521cd89931a17b48995fe2838aac822) Importer(815301076,1909f56bfc062723c751e8b465ee728b)
Start importing Assets/Fantasy Demon Caves/FBX/module_tile_02_bd.fbx using Guid(6521cd89931a17b48995fe2838aac822) Importer(815301076,1909f56bfc062723c751e8b465ee728b)  -> (artifact id: '7350f250f7d28065e4faf7771213c4a7') in 0.210070 seconds 
========================================================================
Received Import Request.
  Time since last request: 0.000023 seconds.
  path: Assets/Fantasy Demon Caves/FBX/Rock02_lava.fbx
  artifactKey: Guid(f3ecb67eacae3374d8907dc58a8817e8) Importer(815301076,1909f56bfc062723c751e8b465ee728b)
Start importing Assets/Fantasy Demon Caves/FBX/Rock02_lava.fbx using Guid(f3ecb67eacae3374d8907dc58a8817e8) Importer(815301076,1909f56bfc062723c751e8b465ee728b)  -> (artifact id: 'b71a9ecb494b73a2884f4cb3af0b24e4') in 0.151542 seconds 
========================================================================
Received Import Request.
  Time since last request: 0.000034 seconds.
  path: Assets/Fantasy Demon Caves/FBX/Rock01.fbx
  artifactKey: Guid(96a1db7ddde605c4fb752fded1a45abd) Importer(815301076,1909f56bfc062723c751e8b465ee728b)
Start importing Assets/Fantasy Demon Caves/FBX/Rock01.fbx using Guid(96a1db7ddde605c4fb752fded1a45abd) Importer(815301076,1909f56bfc062723c751e8b465ee728b)  -> (artifact id: '6c6a21c095df6670a701f6e33a496b59') in 0.128301 seconds 
========================================================================
Received Import Request.
  Time since last request: 0.826419 seconds.
  path: Assets/Fantasy Demon Caves/FBX/rock_01_pillars.fbx
  artifactKey: Guid(af29b0c2940fb784497baa5939de9415) Importer(815301076,1909f56bfc062723c751e8b465ee728b)
Start importing Assets/Fantasy Demon Caves/FBX/rock_01_pillars.fbx using Guid(af29b0c2940fb784497baa5939de9415) Importer(815301076,1909f56bfc062723c751e8b465ee728b)  -> (artifact id: '3490a2ae33bbe9eecb8dac4485b4b42e') in 0.179856 seconds 
Editor requested this worker to shutdown with reason: Scaling down because of idle timeout
AssetImportWorker is now disconnected from the server
Process exiting
Exiting without the bug reporter. Application will terminate with return code 0