Using pre-set license
Built from '2021.3/staging' branch; Version is '2021.3.9f1 (ad3870b89536) revision 11352176'; Using compiler version '192829333'; Build Type 'Release'
OS: 'Windows 11  (10.0.22000) 64bit Core' Language: 'en' Physical Memory: 16085 MB
BatchMode: 1, IsHumanControllingUs: 0, StartBugReporterOnCrash: 0, Is64bit: 1, IsPro: 1

COMMAND LINE ARGUMENTS:
C:\Program Files\Unity\Hub\Editor\2021.3.9f1\Editor\Unity.exe
-adb2
-batchMode
-noUpm
-name
AssetImportWorker6
-projectPath
C:/Users/flore/Documents/GitHub/ZombieRush/Zumbie Rush
-logFile
Logs/AssetImportWorker6.log
-srvPort
50221
Successfully changed project path to: C:/Users/flore/Documents/GitHub/ZombieRush/Zumbie Rush
C:/Users/flore/Documents/GitHub/ZombieRush/Zumbie Rush
[UnityMemory] Configuration Parameters - Can be set up in boot.config
    "memorysetup-bucket-allocator-granularity=16"
    "memorysetup-bucket-allocator-bucket-count=8"
    "memorysetup-bucket-allocator-block-size=33554432"
    "memorysetup-bucket-allocator-block-count=8"
    "memorysetup-main-allocator-block-size=16777216"
    "memorysetup-thread-allocator-block-size=16777216"
    "memorysetup-gfx-main-allocator-block-size=16777216"
    "memorysetup-gfx-thread-allocator-block-size=16777216"
    "memorysetup-cache-allocator-block-size=4194304"
    "memorysetup-typetree-allocator-block-size=2097152"
    "memorysetup-profiler-bucket-allocator-granularity=16"
    "memorysetup-profiler-bucket-allocator-bucket-count=8"
    "memorysetup-profiler-bucket-allocator-block-size=33554432"
    "memorysetup-profiler-bucket-allocator-block-count=8"
    "memorysetup-profiler-allocator-block-size=16777216"
    "memorysetup-profiler-editor-allocator-block-size=1048576"
    "memorysetup-temp-allocator-size-main=16777216"
    "memorysetup-job-temp-allocator-block-size=2097152"
    "memorysetup-job-temp-allocator-block-size-background=1048576"
    "memorysetup-job-temp-allocator-reduction-small-platforms=262144"
    "memorysetup-temp-allocator-size-background-worker=32768"
    "memorysetup-temp-allocator-size-job-worker=262144"
    "memorysetup-temp-allocator-size-preload-manager=33554432"
    "memorysetup-temp-allocator-size-nav-mesh-worker=65536"
    "memorysetup-temp-allocator-size-audio-worker=65536"
    "memorysetup-temp-allocator-size-cloud-worker=32768"
    "memorysetup-temp-allocator-size-gi-baking-worker=262144"
    "memorysetup-temp-allocator-size-gfx=262144"
Refreshing native plugins compatible for Editor in 126.24 ms, found 3 plugins.
Preloading 0 native plugins for Editor in 0.00 ms.
Initialize engine version: 2021.3.9f1 (ad3870b89536)
[Subsystems] Discovering subsystems at path C:/Program Files/Unity/Hub/Editor/2021.3.9f1/Editor/Data/Resources/UnitySubsystems
[Subsystems] Discovering subsystems at path C:/Users/flore/Documents/GitHub/ZombieRush/Zumbie Rush/Assets
GfxDevice: creating device client; threaded=0; jobified=0
Direct3D:
    Version:  Direct3D 11.0 [level 11.1]
    Renderer: NVIDIA GeForce RTX 3060 Laptop GPU (ID=0x2520)
    Vendor:   NVIDIA
    VRAM:     6009 MB
    Driver:   31.0.15.2737
Initialize mono
Mono path[0] = 'C:/Program Files/Unity/Hub/Editor/2021.3.9f1/Editor/Data/Managed'
Mono path[1] = 'C:/Program Files/Unity/Hub/Editor/2021.3.9f1/Editor/Data/MonoBleedingEdge/lib/mono/unityjit-win32'
Mono config path = 'C:/Program Files/Unity/Hub/Editor/2021.3.9f1/Editor/Data/MonoBleedingEdge/etc'
Using monoOptions --debugger-agent=transport=dt_socket,embedding=1,server=y,suspend=n,address=127.0.0.1:56484
Begin MonoManager ReloadAssembly
Registering precompiled unity dll's ...
Register platform support module: C:/Program Files/Unity/Hub/Editor/2021.3.9f1/Editor/Data/PlaybackEngines/WebGLSupport/UnityEditor.WebGL.Extensions.dll
Register platform support module: C:/Program Files/Unity/Hub/Editor/2021.3.9f1/Editor/Data/PlaybackEngines/MacStandaloneSupport/UnityEditor.OSXStandalone.Extensions.dll
Register platform support module: C:/Program Files/Unity/Hub/Editor/2021.3.9f1/Editor/Data/PlaybackEngines/AndroidPlayer/UnityEditor.Android.Extensions.dll
Register platform support module: C:/Program Files/Unity/Hub/Editor/2021.3.9f1/Editor/Data/PlaybackEngines/WindowsStandaloneSupport/UnityEditor.WindowsStandalone.Extensions.dll
Register platform support module: C:/Program Files/Unity/Hub/Editor/2021.3.9f1/Editor/Data/PlaybackEngines/MetroSupport/UnityEditor.UWP.Extensions.dll
Registered in 0.010162 seconds.
Native extension for UWP target not found
Native extension for WindowsStandalone target not found
Native extension for Android target not found
Native extension for OSXStandalone target not found
Native extension for WebGL target not found
Refreshing native plugins compatible for Editor in 81.84 ms, found 3 plugins.
Preloading 0 native plugins for Editor in 0.00 ms.
Mono: successfully reloaded assembly
- Completed reload, in  0.730 seconds
Domain Reload Profiling:
	ReloadAssembly (730ms)
		BeginReloadAssembly (104ms)
			ExecutionOrderSort (0ms)
			DisableScriptedObjects (0ms)
			BackupInstance (0ms)
			ReleaseScriptingObjects (0ms)
			CreateAndSetChildDomain (1ms)
		EndReloadAssembly (495ms)
			LoadAssemblies (102ms)
			RebuildTransferFunctionScriptingTraits (0ms)
			SetupTypeCache (116ms)
			ReleaseScriptCaches (0ms)
			RebuildScriptCaches (29ms)
			SetupLoadedEditorAssemblies (288ms)
				LogAssemblyErrors (0ms)
				InitializePlatformSupportModulesInManaged (68ms)
				SetLoadedEditorAssemblies (0ms)
				RefreshPlugins (82ms)
				BeforeProcessingInitializeOnLoad (1ms)
				ProcessInitializeOnLoadAttributes (94ms)
				ProcessInitializeOnLoadMethodAttributes (42ms)
				AfterProcessingInitializeOnLoad (0ms)
				EditorAssembliesLoaded (0ms)
			ExecutionOrderSort2 (0ms)
			AwakeInstancesAfterBackupRestoration (0ms)
Platform modules already initialized, skipping
Registering precompiled user dll's ...
Registered in 0.006623 seconds.
Begin MonoManager ReloadAssembly
Symbol file LoadedFromMemory doesn't match image C:\Users\flore\Documents\GitHub\ZombieRush\Zumbie Rush\Library\PackageCache\com.unity.visualscripting@1.7.8\Editor\VisualScripting.Core\Dependencies\YamlDotNet\Unity.VisualScripting.YamlDotNet.dll
Symbol file LoadedFromMemory doesn't match image C:\Users\flore\Documents\GitHub\ZombieRush\Zumbie Rush\Library\PackageCache\com.unity.visualscripting@1.7.8\Editor\VisualScripting.Core\Dependencies\DotNetZip\Unity.VisualScripting.IonicZip.dll
Native extension for UWP target not found
Native extension for WindowsStandalone target not found
Native extension for Android target not found
Native extension for OSXStandalone target not found
Native extension for WebGL target not found
Refreshing native plugins compatible for Editor in 0.40 ms, found 3 plugins.
Preloading 0 native plugins for Editor in 0.00 ms.
Mono: successfully reloaded assembly
- Completed reload, in  0.807 seconds
Domain Reload Profiling:
	ReloadAssembly (807ms)
		BeginReloadAssembly (200ms)
			ExecutionOrderSort (0ms)
			DisableScriptedObjects (4ms)
			BackupInstance (0ms)
			ReleaseScriptingObjects (0ms)
			CreateAndSetChildDomain (129ms)
		EndReloadAssembly (532ms)
			LoadAssemblies (67ms)
			RebuildTransferFunctionScriptingTraits (0ms)
			SetupTypeCache (168ms)
			ReleaseScriptCaches (0ms)
			RebuildScriptCaches (36ms)
			SetupLoadedEditorAssemblies (243ms)
				LogAssemblyErrors (0ms)
				InitializePlatformSupportModulesInManaged (13ms)
				SetLoadedEditorAssemblies (0ms)
				RefreshPlugins (0ms)
				BeforeProcessingInitializeOnLoad (59ms)
				ProcessInitializeOnLoadAttributes (149ms)
				ProcessInitializeOnLoadMethodAttributes (18ms)
				AfterProcessingInitializeOnLoad (4ms)
				EditorAssembliesLoaded (0ms)
			ExecutionOrderSort2 (0ms)
			AwakeInstancesAfterBackupRestoration (4ms)
Platform modules already initialized, skipping
========================================================================
Worker process is ready to serve import requests
Launched and connected shader compiler UnityShaderCompiler.exe after 0.04 seconds
Refreshing native plugins compatible for Editor in 0.58 ms, found 3 plugins.
Preloading 0 native plugins for Editor in 0.00 ms.
Unloading 3380 Unused Serialized files (Serialized files now loaded: 0)
Unloading 27 unused Assets / (111.5 KB). Loaded Objects now: 3839.
Memory consumption went from 117.3 MB to 117.2 MB.
Total: 3.532700 ms (FindLiveObjects: 0.183500 ms CreateObjectMapping: 0.082400 ms MarkObjects: 3.183200 ms  DeleteObjects: 0.082800 ms)

AssetImportParameters requested are different than current active one (requested -> active):
  custom:video-decoder-ogg-theora: a1e56fd34408186e4bbccfd4996cb3dc -> 
  custom:container-muxer-webm: aa71ff27fc2769a1b78a27578f13a17b -> 
  custom:container-demuxer-webm: 4f35f7cbe854078d1ac9338744f61a02 -> 
  custom:video-encoder-webm-vp8: eb34c28f22e8b96e1ab97ce403110664 -> 
  custom:audio-encoder-webm-vorbis: bf7c407c2cedff20999df2af8eb42d56 -> 
  custom:framework-win-MediaFoundation: 216162199b28c13a410421893ffa2e32 -> 
  custom:container-demuxer-ogg: 62fdf1f143b41e24485cea50d1cbac27 -> 
  custom:video-decoder-webm-vp8: 9c59270c3fd7afecdb556c50c9e8de78 -> 
  custom:audio-decoder-ogg-vorbis: bf7c407c2cedff20999df2af8eb42d56 -> 
========================================================================
Received Import Request.
  Time since last request: 2923.057287 seconds.
  path: Assets/Fantasy Demon Caves/FBX/Bone_02.fbx
  artifactKey: Guid(34cb9b9e301041f48b2a0f0a6b72b8f4) Importer(815301076,1909f56bfc062723c751e8b465ee728b)
Start importing Assets/Fantasy Demon Caves/FBX/Bone_02.fbx using Guid(34cb9b9e301041f48b2a0f0a6b72b8f4) Importer(815301076,1909f56bfc062723c751e8b465ee728b)  -> (artifact id: '37aeaf502698e54e5723f6636da9d0d4') in 0.302457 seconds 
========================================================================
Received Import Request.
  Time since last request: 0.988292 seconds.
  path: Assets/Fantasy Demon Caves/FBX/Bone_11.fbx
  artifactKey: Guid(28b072a122a02f148aed51dc31b88cd3) Importer(815301076,1909f56bfc062723c751e8b465ee728b)
Start importing Assets/Fantasy Demon Caves/FBX/Bone_11.fbx using Guid(28b072a122a02f148aed51dc31b88cd3) Importer(815301076,1909f56bfc062723c751e8b465ee728b)  -> (artifact id: 'd6294c7c604acd6b9c3bf2427b5e69c0') in 0.035639 seconds 
========================================================================
Received Import Request.
  Time since last request: 0.979676 seconds.
  path: Assets/Fantasy Demon Caves/FBX/Bone_13.fbx
  artifactKey: Guid(b753b05fe7071e548bfddec2b63fd454) Importer(815301076,1909f56bfc062723c751e8b465ee728b)
Start importing Assets/Fantasy Demon Caves/FBX/Bone_13.fbx using Guid(b753b05fe7071e548bfddec2b63fd454) Importer(815301076,1909f56bfc062723c751e8b465ee728b)  -> (artifact id: '5997fcf18ce63488331305a09d6f6a75') in 0.021155 seconds 
========================================================================
Received Import Request.
  Time since last request: 1.063305 seconds.
  path: Assets/Fantasy Demon Caves/FBX/bush_03.fbx
  artifactKey: Guid(5fbb00df26b51f843b1ac29b26d49a91) Importer(815301076,1909f56bfc062723c751e8b465ee728b)
Start importing Assets/Fantasy Demon Caves/FBX/bush_03.fbx using Guid(5fbb00df26b51f843b1ac29b26d49a91) Importer(815301076,1909f56bfc062723c751e8b465ee728b)  -> (artifact id: '941a780f215636066be60a60de8b781e') in 0.046774 seconds 
========================================================================
Received Import Request.
  Time since last request: 0.339831 seconds.
  path: Assets/Fantasy Demon Caves/FBX/bush_05.fbx
  artifactKey: Guid(acb03bb716b5d1147917288fdbf2f9b2) Importer(815301076,1909f56bfc062723c751e8b465ee728b)
Start importing Assets/Fantasy Demon Caves/FBX/bush_05.fbx using Guid(acb03bb716b5d1147917288fdbf2f9b2) Importer(815301076,1909f56bfc062723c751e8b465ee728b)  -> (artifact id: '6ec0171a48df43c2eb261e8cba0bf9e1') in 0.043631 seconds 
========================================================================
Received Import Request.
  Time since last request: 0.656716 seconds.
  path: Assets/Fantasy Demon Caves/FBX/bush_07.fbx
  artifactKey: Guid(1fdf1acacab411143865c9ae54e55e7e) Importer(815301076,1909f56bfc062723c751e8b465ee728b)
Start importing Assets/Fantasy Demon Caves/FBX/bush_07.fbx using Guid(1fdf1acacab411143865c9ae54e55e7e) Importer(815301076,1909f56bfc062723c751e8b465ee728b)  -> (artifact id: '9431dec248c7d2c5bc09508d4aa86705') in 0.038364 seconds 
========================================================================
Received Import Request.
  Time since last request: 0.157300 seconds.
  path: Assets/Fantasy Demon Caves/FBX/bush_09.fbx
  artifactKey: Guid(1a6de853d349a8e4881534e364cf033d) Importer(815301076,1909f56bfc062723c751e8b465ee728b)
Start importing Assets/Fantasy Demon Caves/FBX/bush_09.fbx using Guid(1a6de853d349a8e4881534e364cf033d) Importer(815301076,1909f56bfc062723c751e8b465ee728b)  -> (artifact id: '0087926b480f0caf26da4ddbfaf76428') in 0.060054 seconds 
========================================================================
Received Import Request.
  Time since last request: 0.580264 seconds.
  path: Assets/Fantasy Demon Caves/FBX/bush_11.fbx
  artifactKey: Guid(8985390734af6d2459e052c1fca3fb67) Importer(815301076,1909f56bfc062723c751e8b465ee728b)
Start importing Assets/Fantasy Demon Caves/FBX/bush_11.fbx using Guid(8985390734af6d2459e052c1fca3fb67) Importer(815301076,1909f56bfc062723c751e8b465ee728b)  -> (artifact id: '4473e016813bff9a627c9baee99cea4a') in 0.044185 seconds 
========================================================================
Received Import Request.
  Time since last request: 0.049054 seconds.
  path: Assets/Fantasy Demon Caves/FBX/center_02_floor.fbx
  artifactKey: Guid(e9384a181240a744dae1852d652429c5) Importer(815301076,1909f56bfc062723c751e8b465ee728b)
Start importing Assets/Fantasy Demon Caves/FBX/center_02_floor.fbx using Guid(e9384a181240a744dae1852d652429c5) Importer(815301076,1909f56bfc062723c751e8b465ee728b)  -> (artifact id: '711c42b62894e654a366d72336918f25') in 0.039487 seconds 
========================================================================
Received Import Request.
  Time since last request: 0.262745 seconds.
  path: Assets/Fantasy Demon Caves/FBX/chain_b.fbx
  artifactKey: Guid(3bab51ca13c52d6459d8fd616030495d) Importer(815301076,1909f56bfc062723c751e8b465ee728b)
Start importing Assets/Fantasy Demon Caves/FBX/chain_b.fbx using Guid(3bab51ca13c52d6459d8fd616030495d) Importer(815301076,1909f56bfc062723c751e8b465ee728b)  -> (artifact id: '15f0d6bb4c81ba51c7760b2d3df76c3d') in 0.076242 seconds 
========================================================================
Received Import Request.
  Time since last request: 0.492376 seconds.
  path: Assets/Fantasy Demon Caves/FBX/Entrance.fbx
  artifactKey: Guid(13559a4b16fa2994c93060d897bbfdc0) Importer(815301076,1909f56bfc062723c751e8b465ee728b)
Start importing Assets/Fantasy Demon Caves/FBX/Entrance.fbx using Guid(13559a4b16fa2994c93060d897bbfdc0) Importer(815301076,1909f56bfc062723c751e8b465ee728b)  -> (artifact id: '10c920d201c5ff1831fb9128aa63beda') in 0.070724 seconds 
========================================================================
Received Import Request.
  Time since last request: 0.670117 seconds.
  path: Assets/Fantasy Demon Caves/FBX/floor_02_decal.fbx
  artifactKey: Guid(9979ecc5797e6d743a95f040daac2a4f) Importer(815301076,1909f56bfc062723c751e8b465ee728b)
Start importing Assets/Fantasy Demon Caves/FBX/floor_02_decal.fbx using Guid(9979ecc5797e6d743a95f040daac2a4f) Importer(815301076,1909f56bfc062723c751e8b465ee728b)  -> (artifact id: 'c1a24e1d386fec9b4725c7375f2607e4') in 0.071997 seconds 
Editor requested this worker to shutdown with reason: Scaling down because of idle timeout
AssetImportWorker is now disconnected from the server
Process exiting
Exiting without the bug reporter. Application will terminate with return code 0