Using pre-set license
Built from '2021.3/release' branch; Version is '2021.3.17f1 (3e8111cac19d) revision 4096273'; Using compiler version '192829333'; Build Type 'Release'
OS: 'Windows 11  (10.0.22000) 64bit Core' Language: 'en' Physical Memory: 16085 MB
BatchMode: 1, IsHumanControllingUs: 0, StartBugReporterOnCrash: 0, Is64bit: 1, IsPro: 1

COMMAND LINE ARGUMENTS:
C:\Program Files\Unity\Hub\Editor\2021.3.17f1\Editor\Unity.exe
-adb2
-batchMode
-noUpm
-name
AssetImportWorker2
-projectPath
C:/Users/flore/Documents/GitHub/ZombieRush/Zumbie Rush
-logFile
Logs/AssetImportWorker2.log
-srvPort
53496
Successfully changed project path to: C:/Users/flore/Documents/GitHub/ZombieRush/Zumbie Rush
C:/Users/flore/Documents/GitHub/ZombieRush/Zumbie Rush
[UnityMemory] Configuration Parameters - Can be set up in boot.config
    "memorysetup-bucket-allocator-granularity=16"
    "memorysetup-bucket-allocator-bucket-count=8"
    "memorysetup-bucket-allocator-block-size=33554432"
    "memorysetup-bucket-allocator-block-count=8"
    "memorysetup-main-allocator-block-size=16777216"
    "memorysetup-thread-allocator-block-size=16777216"
    "memorysetup-gfx-main-allocator-block-size=16777216"
    "memorysetup-gfx-thread-allocator-block-size=16777216"
    "memorysetup-cache-allocator-block-size=4194304"
    "memorysetup-typetree-allocator-block-size=2097152"
    "memorysetup-profiler-bucket-allocator-granularity=16"
    "memorysetup-profiler-bucket-allocator-bucket-count=8"
    "memorysetup-profiler-bucket-allocator-block-size=33554432"
    "memorysetup-profiler-bucket-allocator-block-count=8"
    "memorysetup-profiler-allocator-block-size=16777216"
    "memorysetup-profiler-editor-allocator-block-size=1048576"
    "memorysetup-temp-allocator-size-main=16777216"
    "memorysetup-job-temp-allocator-block-size=2097152"
    "memorysetup-job-temp-allocator-block-size-background=1048576"
    "memorysetup-job-temp-allocator-reduction-small-platforms=262144"
    "memorysetup-temp-allocator-size-background-worker=32768"
    "memorysetup-temp-allocator-size-job-worker=262144"
    "memorysetup-temp-allocator-size-preload-manager=33554432"
    "memorysetup-temp-allocator-size-nav-mesh-worker=65536"
    "memorysetup-temp-allocator-size-audio-worker=65536"
    "memorysetup-temp-allocator-size-cloud-worker=32768"
    "memorysetup-temp-allocator-size-gi-baking-worker=262144"
    "memorysetup-temp-allocator-size-gfx=262144"
Player connection [27932] Host "[IP] 192.168.195.145 [Port] 0 [Flags] 2 [Guid] 2710684377 [EditorId] 2710684377 [Version] 1048832 [Id] WindowsEditor(7,MSI) [Debug] 1 [PackageName] WindowsEditor [ProjectName] Editor" joined multi-casting on [225.0.0.222:54997]...

Player connection [27932] Host "[IP] 192.168.195.145 [Port] 0 [Flags] 2 [Guid] 2710684377 [EditorId] 2710684377 [Version] 1048832 [Id] WindowsEditor(7,MSI) [Debug] 1 [PackageName] WindowsEditor [ProjectName] Editor" joined alternative multi-casting on [225.0.0.222:34997]...

Refreshing native plugins compatible for Editor in 70.84 ms, found 3 plugins.
Preloading 0 native plugins for Editor in 0.00 ms.
Initialize engine version: 2021.3.17f1 (3e8111cac19d)
[Subsystems] Discovering subsystems at path C:/Program Files/Unity/Hub/Editor/2021.3.17f1/Editor/Data/Resources/UnitySubsystems
[Subsystems] Discovering subsystems at path C:/Users/flore/Documents/GitHub/ZombieRush/Zumbie Rush/Assets
GfxDevice: creating device client; threaded=0; jobified=0
Direct3D:
    Version:  Direct3D 11.0 [level 11.1]
    Renderer: NVIDIA GeForce RTX 3060 Laptop GPU (ID=0x2520)
    Vendor:   NVIDIA
    VRAM:     6009 MB
    Driver:   31.0.15.2737
Initialize mono
Mono path[0] = 'C:/Program Files/Unity/Hub/Editor/2021.3.17f1/Editor/Data/Managed'
Mono path[1] = 'C:/Program Files/Unity/Hub/Editor/2021.3.17f1/Editor/Data/MonoBleedingEdge/lib/mono/unityjit-win32'
Mono config path = 'C:/Program Files/Unity/Hub/Editor/2021.3.17f1/Editor/Data/MonoBleedingEdge/etc'
Using monoOptions --debugger-agent=transport=dt_socket,embedding=1,server=y,suspend=n,address=127.0.0.1:56776
Begin MonoManager ReloadAssembly
Registering precompiled unity dll's ...
Register platform support module: C:/Program Files/Unity/Hub/Editor/2021.3.17f1/Editor/Data/PlaybackEngines/AndroidPlayer/UnityEditor.Android.Extensions.dll
Register platform support module: C:/Program Files/Unity/Hub/Editor/2021.3.17f1/Editor/Data/PlaybackEngines/WindowsStandaloneSupport/UnityEditor.WindowsStandalone.Extensions.dll
Register platform support module: C:/Program Files/Unity/Hub/Editor/2021.3.17f1/Editor/Data/PlaybackEngines/MetroSupport/UnityEditor.UWP.Extensions.dll
Registered in 0.004875 seconds.
Native extension for UWP target not found
Native extension for WindowsStandalone target not found
Native extension for Android target not found
Android Extension - Scanning For ADB Devices 343 ms
Refreshing native plugins compatible for Editor in 59.49 ms, found 3 plugins.
Preloading 0 native plugins for Editor in 0.00 ms.
Mono: successfully reloaded assembly
- Completed reload, in  0.849 seconds
Domain Reload Profiling:
	ReloadAssembly (849ms)
		BeginReloadAssembly (77ms)
			ExecutionOrderSort (0ms)
			DisableScriptedObjects (0ms)
			BackupInstance (0ms)
			ReleaseScriptingObjects (0ms)
			CreateAndSetChildDomain (1ms)
		EndReloadAssembly (686ms)
			LoadAssemblies (75ms)
			RebuildTransferFunctionScriptingTraits (0ms)
			SetupTypeCache (85ms)
			ReleaseScriptCaches (0ms)
			RebuildScriptCaches (19ms)
			SetupLoadedEditorAssemblies (545ms)
				LogAssemblyErrors (0ms)
				InitializePlatformSupportModulesInManaged (390ms)
				SetLoadedEditorAssemblies (0ms)
				RefreshPlugins (60ms)
				BeforeProcessingInitializeOnLoad (1ms)
				ProcessInitializeOnLoadAttributes (62ms)
				ProcessInitializeOnLoadMethodAttributes (33ms)
				AfterProcessingInitializeOnLoad (0ms)
				EditorAssembliesLoaded (0ms)
			ExecutionOrderSort2 (0ms)
			AwakeInstancesAfterBackupRestoration (0ms)
Platform modules already initialized, skipping
Registering precompiled user dll's ...
Registered in 0.004976 seconds.
Begin MonoManager ReloadAssembly
Symbol file LoadedFromMemory doesn't match image C:\Users\flore\Documents\GitHub\ZombieRush\Zumbie Rush\Library\PackageCache\com.unity.visualscripting@1.8.0\Editor\VisualScripting.Core\Dependencies\YamlDotNet\Unity.VisualScripting.YamlDotNet.dll
Symbol file LoadedFromMemory doesn't match image C:\Users\flore\Documents\GitHub\ZombieRush\Zumbie Rush\Library\PackageCache\com.unity.visualscripting@1.8.0\Editor\VisualScripting.Core\Dependencies\DotNetZip\Unity.VisualScripting.IonicZip.dll
Native extension for UWP target not found
Native extension for WindowsStandalone target not found
Native extension for Android target not found
Refreshing native plugins compatible for Editor in 0.43 ms, found 3 plugins.
Preloading 0 native plugins for Editor in 0.00 ms.
Mono: successfully reloaded assembly
- Completed reload, in  0.937 seconds
Domain Reload Profiling:
	ReloadAssembly (937ms)
		BeginReloadAssembly (83ms)
			ExecutionOrderSort (0ms)
			DisableScriptedObjects (4ms)
			BackupInstance (0ms)
			ReleaseScriptingObjects (0ms)
			CreateAndSetChildDomain (16ms)
		EndReloadAssembly (769ms)
			LoadAssemblies (67ms)
			RebuildTransferFunctionScriptingTraits (0ms)
			SetupTypeCache (234ms)
			ReleaseScriptCaches (0ms)
			RebuildScriptCaches (51ms)
			SetupLoadedEditorAssemblies (358ms)
				LogAssemblyErrors (0ms)
				InitializePlatformSupportModulesInManaged (25ms)
				SetLoadedEditorAssemblies (0ms)
				RefreshPlugins (1ms)
				BeforeProcessingInitializeOnLoad (81ms)
				ProcessInitializeOnLoadAttributes (230ms)
				ProcessInitializeOnLoadMethodAttributes (18ms)
				AfterProcessingInitializeOnLoad (4ms)
				EditorAssembliesLoaded (0ms)
			ExecutionOrderSort2 (0ms)
			AwakeInstancesAfterBackupRestoration (15ms)
Platform modules already initialized, skipping
========================================================================
Worker process is ready to serve import requests
Launched and connected shader compiler UnityShaderCompiler.exe after 0.07 seconds
Refreshing native plugins compatible for Editor in 0.56 ms, found 3 plugins.
Preloading 0 native plugins for Editor in 0.00 ms.
Unloading 3377 Unused Serialized files (Serialized files now loaded: 0)
Unloading 27 unused Assets / (113.9 KB). Loaded Objects now: 3838.
Memory consumption went from 116.8 MB to 116.6 MB.
Total: 2.782100 ms (FindLiveObjects: 0.270700 ms CreateObjectMapping: 0.095300 ms MarkObjects: 2.319300 ms  DeleteObjects: 0.095800 ms)

AssetImportParameters requested are different than current active one (requested -> active):
  custom:video-decoder-ogg-theora: a1e56fd34408186e4bbccfd4996cb3dc -> 
  custom:container-muxer-webm: aa71ff27fc2769a1b78a27578f13a17b -> 
  custom:container-demuxer-webm: 4f35f7cbe854078d1ac9338744f61a02 -> 
  custom:video-encoder-webm-vp8: eb34c28f22e8b96e1ab97ce403110664 -> 
  custom:audio-encoder-webm-vorbis: bf7c407c2cedff20999df2af8eb42d56 -> 
  custom:framework-win-MediaFoundation: 216162199b28c13a410421893ffa2e32 -> 
  custom:container-demuxer-ogg: 62fdf1f143b41e24485cea50d1cbac27 -> 
  custom:video-decoder-webm-vp8: 9c59270c3fd7afecdb556c50c9e8de78 -> 
  custom:audio-decoder-ogg-vorbis: bf7c407c2cedff20999df2af8eb42d56 -> 
========================================================================
Received Import Request.
  Time since last request: 352765.597623 seconds.
  path: Assets/Fantasy Demon Caves/FBX/Bone_02.fbx
  artifactKey: Guid(34cb9b9e301041f48b2a0f0a6b72b8f4) Importer(815301076,1909f56bfc062723c751e8b465ee728b)
Start importing Assets/Fantasy Demon Caves/FBX/Bone_02.fbx using Guid(34cb9b9e301041f48b2a0f0a6b72b8f4) Importer(815301076,1909f56bfc062723c751e8b465ee728b)  -> (artifact id: 'd6588e8a12eeda6dbb69034cf884e761') in 0.372102 seconds 
========================================================================
Received Import Request.
  Time since last request: 0.000028 seconds.
  path: Assets/Fantasy Demon Caves/FBX/Bone_04.fbx
  artifactKey: Guid(27bb524a710e166448afa6a347f5ecf2) Importer(815301076,1909f56bfc062723c751e8b465ee728b)
Start importing Assets/Fantasy Demon Caves/FBX/Bone_04.fbx using Guid(27bb524a710e166448afa6a347f5ecf2) Importer(815301076,1909f56bfc062723c751e8b465ee728b)  -> (artifact id: '67455d6247079438b5e279b4ade7f851') in 0.049956 seconds 
========================================================================
Received Import Request.
  Time since last request: 0.000029 seconds.
  path: Assets/Fantasy Demon Caves/FBX/center_01_floor.fbx
  artifactKey: Guid(667000e8ac2bfeb4a9e658b0a079b94a) Importer(815301076,1909f56bfc062723c751e8b465ee728b)
Start importing Assets/Fantasy Demon Caves/FBX/center_01_floor.fbx using Guid(667000e8ac2bfeb4a9e658b0a079b94a) Importer(815301076,1909f56bfc062723c751e8b465ee728b)  -> (artifact id: '18d87f318fd5e82cc527ad13dfe8e9c8') in 0.039255 seconds 
========================================================================
Received Import Request.
  Time since last request: 0.000018 seconds.
  path: Assets/Fantasy Demon Caves/Demo_Scene.FBX
  artifactKey: Guid(ed728b95d8049fb4bb1b9ced43b8d2f4) Importer(815301076,1909f56bfc062723c751e8b465ee728b)
Start importing Assets/Fantasy Demon Caves/Demo_Scene.FBX using Guid(ed728b95d8049fb4bb1b9ced43b8d2f4) Importer(815301076,1909f56bfc062723c751e8b465ee728b)  -> (artifact id: 'fc5b637a787d52161b80002bc2b07e4d') in 3.263199 seconds 
========================================================================
Received Import Request.
  Time since last request: 0.320176 seconds.
  path: Assets/Fantasy Demon Caves/FBX/Lava_03_decal.fbx
  artifactKey: Guid(e337a72db1778e043b75eaa5f591d0d7) Importer(815301076,1909f56bfc062723c751e8b465ee728b)
Start importing Assets/Fantasy Demon Caves/FBX/Lava_03_decal.fbx using Guid(e337a72db1778e043b75eaa5f591d0d7) Importer(815301076,1909f56bfc062723c751e8b465ee728b)  -> (artifact id: '88e0d69dde9d5474b7f11822124d0f9f') in 0.138365 seconds 
========================================================================
Received Import Request.
  Time since last request: 0.000036 seconds.
  path: Assets/Fantasy Demon Caves/FBX/Lava_blue_06_decal.fbx
  artifactKey: Guid(ba7a46aaa8ee57f4586c1b07d9cb89d8) Importer(815301076,1909f56bfc062723c751e8b465ee728b)
Start importing Assets/Fantasy Demon Caves/FBX/Lava_blue_06_decal.fbx using Guid(ba7a46aaa8ee57f4586c1b07d9cb89d8) Importer(815301076,1909f56bfc062723c751e8b465ee728b)  -> (artifact id: 'a66d83952b060bc038b8cc728b8921cd') in 0.108250 seconds 
========================================================================
Received Import Request.
  Time since last request: 0.000039 seconds.
  path: Assets/Fantasy Demon Caves/FBX/Lava_blue_02_decal.fbx
  artifactKey: Guid(e45f0fedce88d784994fb535a05659aa) Importer(815301076,1909f56bfc062723c751e8b465ee728b)
Start importing Assets/Fantasy Demon Caves/FBX/Lava_blue_02_decal.fbx using Guid(e45f0fedce88d784994fb535a05659aa) Importer(815301076,1909f56bfc062723c751e8b465ee728b)  -> (artifact id: 'b4ebf9e7b188f06ec47eb3a697421f5b') in 0.134154 seconds 
========================================================================
Received Import Request.
  Time since last request: 0.000036 seconds.
  path: Assets/Fantasy Demon Caves/FBX/module_corner_convex_b.fbx
  artifactKey: Guid(85dfbd1a374b24341a93837268f5b889) Importer(815301076,1909f56bfc062723c751e8b465ee728b)
Start importing Assets/Fantasy Demon Caves/FBX/module_corner_convex_b.fbx using Guid(85dfbd1a374b24341a93837268f5b889) Importer(815301076,1909f56bfc062723c751e8b465ee728b)  -> (artifact id: 'c27756ab0c9556fb8da1846dc1ec283f') in 0.137977 seconds 
========================================================================
Received Import Request.
  Time since last request: 0.000041 seconds.
  path: Assets/Fantasy Demon Caves/FBX/module_end_d.fbx
  artifactKey: Guid(a862125ef94d2ad43838de95fb72e484) Importer(815301076,1909f56bfc062723c751e8b465ee728b)
Start importing Assets/Fantasy Demon Caves/FBX/module_end_d.fbx using Guid(a862125ef94d2ad43838de95fb72e484) Importer(815301076,1909f56bfc062723c751e8b465ee728b)  -> (artifact id: 'a16f4dbe29f9b2f84bbf8fcaeb8788f1') in 0.163511 seconds 
========================================================================
Received Import Request.
  Time since last request: 0.548695 seconds.
  path: Assets/Fantasy Demon Caves/FBX/module_tile_01_bd.fbx
  artifactKey: Guid(7e89df8e04e22084daa955b1acbe1c84) Importer(815301076,1909f56bfc062723c751e8b465ee728b)
Start importing Assets/Fantasy Demon Caves/FBX/module_tile_01_bd.fbx using Guid(7e89df8e04e22084daa955b1acbe1c84) Importer(815301076,1909f56bfc062723c751e8b465ee728b)  -> (artifact id: '99ab4e217b3e849701b21f2d97915763') in 0.107541 seconds 
========================================================================
Received Import Request.
  Time since last request: 0.000031 seconds.
  path: Assets/Fantasy Demon Caves/FBX/Rock01_lava.fbx
  artifactKey: Guid(e5ce06b6fd04ba8408f6cbd7f988ef48) Importer(815301076,1909f56bfc062723c751e8b465ee728b)
Start importing Assets/Fantasy Demon Caves/FBX/Rock01_lava.fbx using Guid(e5ce06b6fd04ba8408f6cbd7f988ef48) Importer(815301076,1909f56bfc062723c751e8b465ee728b)  -> (artifact id: '56909cd6bf574b4bf16928ce8bdfa884') in 0.107877 seconds 
========================================================================
Received Import Request.
  Time since last request: 0.000040 seconds.
  path: Assets/Fantasy Demon Caves/FBX/Rock03.fbx
  artifactKey: Guid(642984723a283084797b42f0715d09a7) Importer(815301076,1909f56bfc062723c751e8b465ee728b)
Start importing Assets/Fantasy Demon Caves/FBX/Rock03.fbx using Guid(642984723a283084797b42f0715d09a7) Importer(815301076,1909f56bfc062723c751e8b465ee728b)  -> (artifact id: '7151cdeeecf0fc8ef57d72cb2c0bb8d7') in 0.092123 seconds 
========================================================================
Received Import Request.
  Time since last request: 0.593282 seconds.
  path: Assets/Fantasy Demon Caves/FBX/Rock06.fbx
  artifactKey: Guid(a1e26b1135a2cf446b58c5126a0bc976) Importer(815301076,1909f56bfc062723c751e8b465ee728b)
Start importing Assets/Fantasy Demon Caves/FBX/Rock06.fbx using Guid(a1e26b1135a2cf446b58c5126a0bc976) Importer(815301076,1909f56bfc062723c751e8b465ee728b)  -> (artifact id: '6a42062105d5f342a29cf4bba6d48a73') in 0.131207 seconds 
========================================================================
Received Import Request.
  Time since last request: 0.000026 seconds.
  path: Assets/Fantasy Demon Caves/FBX/rock_cliff_04_lava.fbx
  artifactKey: Guid(7ca12ebd99deb2e4fa6109099ce1c81a) Importer(815301076,1909f56bfc062723c751e8b465ee728b)
Start importing Assets/Fantasy Demon Caves/FBX/rock_cliff_04_lava.fbx using Guid(7ca12ebd99deb2e4fa6109099ce1c81a) Importer(815301076,1909f56bfc062723c751e8b465ee728b)  -> (artifact id: '12927d5d3e65fe045473617ff5f71e2e') in 0.105332 seconds 
========================================================================
Received Import Request.
  Time since last request: 0.001611 seconds.
  path: Assets/Fantasy Demon Caves/FBX/rock_02_pillars_lava.fbx
  artifactKey: Guid(25dd81519dcd34042a8b5070102bd55d) Importer(815301076,1909f56bfc062723c751e8b465ee728b)
Start importing Assets/Fantasy Demon Caves/FBX/rock_02_pillars_lava.fbx using Guid(25dd81519dcd34042a8b5070102bd55d) Importer(815301076,1909f56bfc062723c751e8b465ee728b)  -> (artifact id: 'f6c92220179c37ed3be6953e7b342b8f') in 0.088660 seconds 
Editor requested this worker to shutdown with reason: Scaling down because of idle timeout
AssetImportWorker is now disconnected from the server
Process exiting
Exiting without the bug reporter. Application will terminate with return code 0